FDTD Solutions Version 8.18.1262 (Linux 64bit)
 expires (month/day/year): 3/29/2018
using config file: /home/iqo/.config/Lumerical/FDTD Solutions.ini
license host: <a href=http://lumlm.coral.washington.edu:8095>lumlm.coral.washington.edu:8095</a>
current time: Thu Aug 17 10:18:07 2017
Running on host: iqo.ee.washington.edu
All processes are communicating and ready to proceed to simulation...
Running fsp file: /opt/lumerical/fdtd/bin/fdtd-engine-mpich2nem -t 20 -remote /home/iqo/Documents/NOISE_data/Alan/celes_cyl/ms_gen/2xcyl_ms_f10_a5.fsp
number of processors is 1
processors are distributed as: 1x1x1
Running 3D Simulation
Starting meshing
Simulation size in gridpoints: 354 x 354 x 241
Refined 0 mesh cells (0%)
Completed meshing!
Meshing complete in 33.7 seconds of CPU time
Starting meshing
Simulation size in gridpoints: 354 x 354 x 241
Refined 0 mesh cells (0%)
Completed meshing!
Meshing complete in 32.86 seconds of CPU time
Starting meshing
Simulation size in gridpoints: 354 x 354 x 241
Refined 0 mesh cells (0%)
Completed meshing!
Meshing complete in 33.81 seconds of CPU time
0 0
0 0
0 0
finished material properties
Meshing Time: 0 seconds, Init Electrical Material Time: 0 seconds, Init Magnetic Material Time: 0
Using selected optimization level: 2
Selecting 3d kernel for splitFieldDirection=0 and optLevel=2
-----------------------------------------
Beginning initialization of 3D Simulation
Starting to add sources to simulation
Adding 3D Gaussian source propagating in Z
Starting to add boundary conditions to simulation
Adding 3D PML BC
Adding 3D PML BC
Adding 3D PML BC
Adding 3D PML BC
Adding 3D PML BC
Adding 3D PML BC
Starting to add monitors to Simulation
Adding analysis monitor
Adding 3D DFT monitor
Adding 3D DFT monitor
Adding 3D index monitor
Finished initialization of 3D Simulation
-----------------------------------------
All processes are communicating and ready to proceed to simulation...
Starting 8196 total iterations
0% complete. Max time remaining: 19 mins, 28 secs. Auto Shutoff: 1
1% complete. Max time remaining: 19 mins, 5 secs. Auto Shutoff: 1
2% complete. Max time remaining: 18 mins, 49 secs. Auto Shutoff: 1
3% complete. Max time remaining: 18 mins, 36 secs. Auto Shutoff: 1
4% complete. Max time remaining: 18 mins, 30 secs. Auto Shutoff: 1
5% complete. Max time remaining: 18 mins, 24 secs. Auto Shutoff: 1.14092
6% complete. Max time remaining: 18 mins, 17 secs. Auto Shutoff: 1.12812
7% complete. Max time remaining: 18 mins, 1 secs. Auto Shutoff: 1.09194
8% complete. Max time remaining: 17 mins, 49 secs. Auto Shutoff: 1.02348
9% complete. Max time remaining: 17 mins, 35 secs. Auto Shutoff: 0.659282
10% complete. Max time remaining: 17 mins, 24 secs. Auto Shutoff: 0.659282
11% complete. Max time remaining: 17 mins, 12 secs. Auto Shutoff: 0.279289
12% complete. Max time remaining: 17 mins, 0 secs. Auto Shutoff: 0.160827
13% complete. Max time remaining: 16 mins, 49 secs. Auto Shutoff: 0.111902
14% complete. Max time remaining: 16 mins, 36 secs. Auto Shutoff: 0.0939595
15% complete. Max time remaining: 16 mins, 23 secs. Auto Shutoff: 0.0939595
16% complete. Max time remaining: 16 mins, 11 secs. Auto Shutoff: 0.0827945
17% complete. Max time remaining: 15 mins, 58 secs. Auto Shutoff: 0.0747223
18% complete. Max time remaining: 15 mins, 46 secs. Auto Shutoff: 0.0657655
19% complete. Max time remaining: 15 mins, 34 secs. Auto Shutoff: 0.0604218
20% complete. Max time remaining: 15 mins, 22 secs. Auto Shutoff: 0.0604218
21% complete. Max time remaining: 15 mins, 8 secs. Auto Shutoff: 0.0347554
22% complete. Max time remaining: 14 mins, 57 secs. Auto Shutoff: 0.0171501
23% complete. Max time remaining: 14 mins, 46 secs. Auto Shutoff: 0.0133923
24% complete. Max time remaining: 14 mins, 34 secs. Auto Shutoff: 0.0113162
25% complete. Max time remaining: 14 mins, 22 secs. Auto Shutoff: 0.00956616
26% complete. Max time remaining: 14 mins, 11 secs. Auto Shutoff: 0.00956616
27% complete. Max time remaining: 14 mins, 0 secs. Auto Shutoff: 0.00812829
28% complete. Max time remaining: 13 mins, 49 secs. Auto Shutoff: 0.00688794
29% complete. Max time remaining: 13 mins, 36 secs. Auto Shutoff: 0.00601128
30% complete. Max time remaining: 13 mins, 25 secs. Auto Shutoff: 0.00470196
31% complete. Max time remaining: 13 mins, 14 secs. Auto Shutoff: 0.00470196
32% complete. Max time remaining: 13 mins, 2 secs. Auto Shutoff: 0.00251026
33% complete. Max time remaining: 12 mins, 50 secs. Auto Shutoff: 0.00156626
34% complete. Max time remaining: 12 mins, 39 secs. Auto Shutoff: 0.00128243
35% complete. Max time remaining: 12 mins, 27 secs. Auto Shutoff: 0.00108108
36% complete. Max time remaining: 12 mins, 16 secs. Auto Shutoff: 0.00108108
37% complete. Max time remaining: 12 mins, 4 secs. Auto Shutoff: 0.00092481
38% complete. Max time remaining: 11 mins, 53 secs. Auto Shutoff: 0.000788232
39% complete. Max time remaining: 11 mins, 41 secs. Auto Shutoff: 0.000670992
40% complete. Max time remaining: 11 mins, 30 secs. Auto Shutoff: 0.000604906
41% complete. Max time remaining: 11 mins, 18 secs. Auto Shutoff: 0.000415091
42% complete. Max time remaining: 11 mins, 7 secs. Auto Shutoff: 0.000415091
43% complete. Max time remaining: 10 mins, 55 secs. Auto Shutoff: 0.000249769
44% complete. Max time remaining: 10 mins, 44 secs. Auto Shutoff: 0.000197952
45% complete. Max time remaining: 10 mins, 31 secs. Auto Shutoff: 0.000163342
46% complete. Max time remaining: 10 mins, 20 secs. Auto Shutoff: 0.00013793
47% complete. Max time remaining: 10 mins, 9 secs. Auto Shutoff: 0.00013793
48% complete. Max time remaining: 9 mins, 58 secs. Auto Shutoff: 0.000113586
49% complete. Max time remaining: 9 mins, 47 secs. Auto Shutoff: 9.62002e-05
50% complete. Max time remaining: 9 mins, 34 secs. Auto Shutoff: 8.25158e-05
51% complete. Max time remaining: 9 mins, 24 secs. Auto Shutoff: 6.89889e-05
52% complete. Max time remaining: 9 mins, 13 secs. Auto Shutoff: 6.89889e-05
53% complete. Max time remaining: 9 mins, 2 secs. Auto Shutoff: 4.67729e-05
54% complete. Max time remaining: 8 mins, 49 secs. Auto Shutoff: 3.36161e-05
55% complete. Max time remaining: 8 mins, 38 secs. Auto Shutoff: 2.70295e-05
56% complete. Max time remaining: 8 mins, 26 secs. Auto Shutoff: 2.26081e-05
57% complete. Max time remaining: 8 mins, 15 secs. Auto Shutoff: 2.26081e-05
58% complete. Max time remaining: 8 mins, 2 secs. Auto Shutoff: 1.88938e-05
59% complete. Max time remaining: 7 mins, 51 secs. Auto Shutoff: 1.58239e-05
60% complete. Max time remaining: 7 mins, 40 secs. Auto Shutoff: 1.33471e-05
61% complete. Max time remaining: 7 mins, 29 secs. Auto Shutoff: 1.12788e-05
62% complete. Max time remaining: 7 mins, 17 secs. Auto Shutoff: 9.23279e-06
100% complete. Max time remaining: 0 mins, 0 secs. Auto Shutoff: 9.23279e-06
Early termination of simulation, the autoshutoff criteria are satisfied.
Completed 5084 iterations, or 6.203355e-13s of Simulation Time
Process 0 starting to collect data
    collecting monitor data
    collecting source data
Finished collecting data
Simulation completed successfully at: Thu Aug 17 10:30:32 2017
Overall wall time measurements in seconds:
    time to mesh and initialize: 31
    time to run FDTD simulation: 714
    time to finalize data and save to files: 0
    FDTD solver speed: 215.046 Mnodes/s
    total FDTD solver speed on 1 processes: 215.046 Mnodes/s
