FDTD Solutions Version 8.18.1262 (Linux 64bit)
 expires (month/day/year): 3/29/2018
using config file: /home/iqo/.config/Lumerical/FDTD Solutions.ini
license host: <a href=http://lumlm.coral.washington.edu:8095>lumlm.coral.washington.edu:8095</a>
current time: Thu Aug 17 09:24:02 2017
Running on host: iqo.ee.washington.edu
All processes are communicating and ready to proceed to simulation...
Running fsp file: /opt/lumerical/fdtd/bin/fdtd-engine-mpich2nem -t 22 -remote /home/iqo/Documents/NOISE_data/Alan/celes_cyl/ms_gen/2xsphere_ms_f10_a5.fsp
number of processors is 1
processors are distributed as: 1x1x1
Running 3D Simulation
Starting meshing
Simulation size in gridpoints: 354 x 354 x 239
Refined 0 mesh cells (0%)
Completed meshing!
Meshing complete in 22.24 seconds of CPU time
Starting meshing
Simulation size in gridpoints: 354 x 354 x 239
Refined 0 mesh cells (0%)
Completed meshing!
Meshing complete in 21.95 seconds of CPU time
Starting meshing
Simulation size in gridpoints: 354 x 354 x 239
Refined 0 mesh cells (0%)
Completed meshing!
Meshing complete in 21.67 seconds of CPU time
0 0
0 0
0 0
finished material properties
Meshing Time: 0 seconds, Init Electrical Material Time: 0 seconds, Init Magnetic Material Time: 0
Using selected optimization level: 2
Selecting 3d kernel for splitFieldDirection=0 and optLevel=2
-----------------------------------------
Beginning initialization of 3D Simulation
Starting to add sources to simulation
Adding 3D Gaussian source propagating in Z
Starting to add boundary conditions to simulation
Adding 3D PML BC
Adding 3D PML BC
Adding 3D PML BC
Adding 3D PML BC
Adding 3D PML BC
Adding 3D PML BC
Starting to add monitors to Simulation
Adding analysis monitor
Adding 3D DFT monitor
Adding 3D DFT monitor
Adding 3D index monitor
Finished initialization of 3D Simulation
-----------------------------------------
All processes are communicating and ready to proceed to simulation...
Starting 8191 total iterations
0% complete. Max time remaining: 20 mins, 13 secs. Auto Shutoff: 1
1% complete. Max time remaining: 19 mins, 51 secs. Auto Shutoff: 1
2% complete. Max time remaining: 19 mins, 30 secs. Auto Shutoff: 1
3% complete. Max time remaining: 19 mins, 22 secs. Auto Shutoff: 1
4% complete. Max time remaining: 19 mins, 8 secs. Auto Shutoff: 1
5% complete. Max time remaining: 18 mins, 57 secs. Auto Shutoff: 1.01924
6% complete. Max time remaining: 18 mins, 53 secs. Auto Shutoff: 0.988767
7% complete. Max time remaining: 18 mins, 40 secs. Auto Shutoff: 0.941299
8% complete. Max time remaining: 18 mins, 28 secs. Auto Shutoff: 0.884621
9% complete. Max time remaining: 18 mins, 20 secs. Auto Shutoff: 0.550953
10% complete. Max time remaining: 18 mins, 13 secs. Auto Shutoff: 0.550953
11% complete. Max time remaining: 18 mins, 5 secs. Auto Shutoff: 0.182679
12% complete. Max time remaining: 17 mins, 54 secs. Auto Shutoff: 0.102484
13% complete. Max time remaining: 17 mins, 42 secs. Auto Shutoff: 0.08118
14% complete. Max time remaining: 17 mins, 30 secs. Auto Shutoff: 0.0697207
15% complete. Max time remaining: 17 mins, 20 secs. Auto Shutoff: 0.0697207
16% complete. Max time remaining: 17 mins, 12 secs. Auto Shutoff: 0.0640439
17% complete. Max time remaining: 17 mins, 2 secs. Auto Shutoff: 0.0604591
18% complete. Max time remaining: 16 mins, 51 secs. Auto Shutoff: 0.0559251
19% complete. Max time remaining: 16 mins, 40 secs. Auto Shutoff: 0.0524021
20% complete. Max time remaining: 16 mins, 28 secs. Auto Shutoff: 0.0524021
21% complete. Max time remaining: 16 mins, 15 secs. Auto Shutoff: 0.0280897
22% complete. Max time remaining: 16 mins, 4 secs. Auto Shutoff: 0.0116596
23% complete. Max time remaining: 15 mins, 51 secs. Auto Shutoff: 0.00895464
24% complete. Max time remaining: 15 mins, 38 secs. Auto Shutoff: 0.00744533
25% complete. Max time remaining: 15 mins, 25 secs. Auto Shutoff: 0.00744533
26% complete. Max time remaining: 15 mins, 11 secs. Auto Shutoff: 0.00616606
27% complete. Max time remaining: 14 mins, 59 secs. Auto Shutoff: 0.00506997
28% complete. Max time remaining: 14 mins, 47 secs. Auto Shutoff: 0.00422627
29% complete. Max time remaining: 14 mins, 33 secs. Auto Shutoff: 0.0038433
30% complete. Max time remaining: 14 mins, 21 secs. Auto Shutoff: 0.00281515
31% complete. Max time remaining: 14 mins, 9 secs. Auto Shutoff: 0.00281515
32% complete. Max time remaining: 13 mins, 57 secs. Auto Shutoff: 0.00124883
33% complete. Max time remaining: 13 mins, 45 secs. Auto Shutoff: 0.00055471
34% complete. Max time remaining: 13 mins, 32 secs. Auto Shutoff: 0.000465173
35% complete. Max time remaining: 13 mins, 20 secs. Auto Shutoff: 0.000416654
36% complete. Max time remaining: 13 mins, 8 secs. Auto Shutoff: 0.000416654
37% complete. Max time remaining: 12 mins, 55 secs. Auto Shutoff: 0.000358914
38% complete. Max time remaining: 12 mins, 42 secs. Auto Shutoff: 0.000316521
39% complete. Max time remaining: 12 mins, 30 secs. Auto Shutoff: 0.000291856
40% complete. Max time remaining: 12 mins, 17 secs. Auto Shutoff: 0.000269494
41% complete. Max time remaining: 12 mins, 4 secs. Auto Shutoff: 0.000269494
42% complete. Max time remaining: 11 mins, 51 secs. Auto Shutoff: 0.000173039
43% complete. Max time remaining: 11 mins, 39 secs. Auto Shutoff: 7.24629e-05
44% complete. Max time remaining: 11 mins, 27 secs. Auto Shutoff: 5.20373e-05
45% complete. Max time remaining: 11 mins, 15 secs. Auto Shutoff: 4.7464e-05
46% complete. Max time remaining: 11 mins, 2 secs. Auto Shutoff: 4.7464e-05
47% complete. Max time remaining: 10 mins, 49 secs. Auto Shutoff: 3.84792e-05
48% complete. Max time remaining: 10 mins, 37 secs. Auto Shutoff: 3.29834e-05
49% complete. Max time remaining: 10 mins, 25 secs. Auto Shutoff: 2.89825e-05
50% complete. Max time remaining: 10 mins, 12 secs. Auto Shutoff: 2.65236e-05
51% complete. Max time remaining: 9 mins, 59 secs. Auto Shutoff: 2.31246e-05
52% complete. Max time remaining: 9 mins, 47 secs. Auto Shutoff: 2.31246e-05
53% complete. Max time remaining: 9 mins, 34 secs. Auto Shutoff: 1.26458e-05
100% complete. Max time remaining: 0 mins, 0 secs. Auto Shutoff: 5.74118e-06
Early termination of simulation, the autoshutoff criteria are satisfied.
Completed 4377 iterations, or 5.343959e-13s of Simulation Time
Process 0 starting to collect data
    collecting monitor data
    collecting source data
Finished collecting data
Simulation completed successfully at: Thu Aug 17 09:35:21 2017
Overall wall time measurements in seconds:
    time to mesh and initialize: 25
    time to run FDTD simulation: 654
    time to finalize data and save to files: 0
    FDTD solver speed: 200.449 Mnodes/s
    total FDTD solver speed on 1 processes: 200.449 Mnodes/s
