FDTD Solutions Version 8.18.1262 (Linux 64bit)
 expires (month/day/year): 3/29/2018
using config file: /home/iqo/.config/Lumerical/FDTD Solutions.ini
license host: <a href=http://lumlm.coral.washington.edu:8095>lumlm.coral.washington.edu:8095</a>
current time: Mon Aug 14 11:51:55 2017
Running on host: iqo.ee.washington.edu
All processes are communicating and ready to proceed to simulation...
Running fsp file: /opt/lumerical/fdtd/bin/fdtd-engine-mpich2nem -t 22 -remote /home/iqo/Documents/NOISE_data/Alan/celes_cyl/ms_gen/cyl_ms_f10_a5.fsp
number of processors is 1
processors are distributed as: 1x1x1
Running 3D Simulation
Starting meshing
Simulation size in gridpoints: 354 x 354 x 233
Refined 0 mesh cells (0%)
Completed meshing!
Meshing complete in 19.88 seconds of CPU time
Starting meshing
Simulation size in gridpoints: 354 x 354 x 233
Refined 0 mesh cells (0%)
Completed meshing!
Meshing complete in 19.22 seconds of CPU time
Starting meshing
Simulation size in gridpoints: 354 x 354 x 233
Refined 0 mesh cells (0%)
Completed meshing!
Meshing complete in 20.47 seconds of CPU time
0 0
0 0
0 0
finished material properties
Meshing Time: 0 seconds, Init Electrical Material Time: 0 seconds, Init Magnetic Material Time: 0
Using selected optimization level: 2
Selecting 3d kernel for splitFieldDirection=0 and optLevel=2
-----------------------------------------
Beginning initialization of 3D Simulation
Starting to add sources to simulation
Adding 3D Gaussian source propagating in Z
Starting to add boundary conditions to simulation
Adding 3D PML BC
Adding 3D PML BC
Adding 3D PML BC
Adding 3D PML BC
Adding 3D PML BC
Adding 3D PML BC
Starting to add monitors to Simulation
Adding analysis monitor
Adding 3D DFT monitor
Adding 3D DFT monitor
Adding 3D index monitor
Finished initialization of 3D Simulation
-----------------------------------------
All processes are communicating and ready to proceed to simulation...
Starting 8145 total iterations
0% complete. Max time remaining: 14 mins, 26 secs. Auto Shutoff: 1
1% complete. Max time remaining: 13 mins, 38 secs. Auto Shutoff: 1
2% complete. Max time remaining: 13 mins, 22 secs. Auto Shutoff: 1
3% complete. Max time remaining: 13 mins, 8 secs. Auto Shutoff: 1
4% complete. Max time remaining: 12 mins, 56 secs. Auto Shutoff: 1.0133
5% complete. Max time remaining: 12 mins, 46 secs. Auto Shutoff: 1.0133
6% complete. Max time remaining: 12 mins, 38 secs. Auto Shutoff: 0.990232
7% complete. Max time remaining: 12 mins, 29 secs. Auto Shutoff: 0.963252
8% complete. Max time remaining: 12 mins, 20 secs. Auto Shutoff: 0.936181
9% complete. Max time remaining: 12 mins, 11 secs. Auto Shutoff: 0.936181
10% complete. Max time remaining: 12 mins, 2 secs. Auto Shutoff: 0.627543
11% complete. Max time remaining: 11 mins, 54 secs. Auto Shutoff: 0.17425
12% complete. Max time remaining: 11 mins, 44 secs. Auto Shutoff: 0.0863988
13% complete. Max time remaining: 11 mins, 35 secs. Auto Shutoff: 0.0755886
14% complete. Max time remaining: 11 mins, 27 secs. Auto Shutoff: 0.069368
15% complete. Max time remaining: 11 mins, 19 secs. Auto Shutoff: 0.069368
16% complete. Max time remaining: 11 mins, 11 secs. Auto Shutoff: 0.0663016
17% complete. Max time remaining: 11 mins, 3 secs. Auto Shutoff: 0.0635999
18% complete. Max time remaining: 10 mins, 56 secs. Auto Shutoff: 0.0605739
19% complete. Max time remaining: 10 mins, 48 secs. Auto Shutoff: 0.0558042
20% complete. Max time remaining: 10 mins, 40 secs. Auto Shutoff: 0.0558042
21% complete. Max time remaining: 10 mins, 33 secs. Auto Shutoff: 0.0294589
22% complete. Max time remaining: 10 mins, 25 secs. Auto Shutoff: 0.0099596
23% complete. Max time remaining: 10 mins, 16 secs. Auto Shutoff: 0.0073623
24% complete. Max time remaining: 10 mins, 8 secs. Auto Shutoff: 0.00652636
25% complete. Max time remaining: 10 mins, 0 secs. Auto Shutoff: 0.00652636
26% complete. Max time remaining: 9 mins, 52 secs. Auto Shutoff: 0.00582471
27% complete. Max time remaining: 9 mins, 44 secs. Auto Shutoff: 0.00514022
28% complete. Max time remaining: 9 mins, 36 secs. Auto Shutoff: 0.00456742
29% complete. Max time remaining: 9 mins, 28 secs. Auto Shutoff: 0.0040935
30% complete. Max time remaining: 9 mins, 20 secs. Auto Shutoff: 0.0040935
31% complete. Max time remaining: 9 mins, 12 secs. Auto Shutoff: 0.0031422
32% complete. Max time remaining: 9 mins, 4 secs. Auto Shutoff: 0.00130529
33% complete. Max time remaining: 8 mins, 57 secs. Auto Shutoff: 0.000678609
34% complete. Max time remaining: 8 mins, 47 secs. Auto Shutoff: 0.000568011
35% complete. Max time remaining: 8 mins, 39 secs. Auto Shutoff: 0.000498877
36% complete. Max time remaining: 8 mins, 32 secs. Auto Shutoff: 0.000498877
37% complete. Max time remaining: 8 mins, 24 secs. Auto Shutoff: 0.000437967
38% complete. Max time remaining: 8 mins, 16 secs. Auto Shutoff: 0.000392086
39% complete. Max time remaining: 8 mins, 8 secs. Auto Shutoff: 0.000358256
40% complete. Max time remaining: 7 mins, 60 secs. Auto Shutoff: 0.000358256
41% complete. Max time remaining: 7 mins, 52 secs. Auto Shutoff: 0.000337341
42% complete. Max time remaining: 7 mins, 45 secs. Auto Shutoff: 0.000216931
43% complete. Max time remaining: 7 mins, 37 secs. Auto Shutoff: 0.000104934
44% complete. Max time remaining: 7 mins, 29 secs. Auto Shutoff: 7.32907e-05
45% complete. Max time remaining: 7 mins, 19 secs. Auto Shutoff: 6.16261e-05
46% complete. Max time remaining: 7 mins, 11 secs. Auto Shutoff: 6.16261e-05
47% complete. Max time remaining: 7 mins, 3 secs. Auto Shutoff: 5.39024e-05
48% complete. Max time remaining: 6 mins, 55 secs. Auto Shutoff: 4.64712e-05
49% complete. Max time remaining: 6 mins, 48 secs. Auto Shutoff: 4.04835e-05
50% complete. Max time remaining: 6 mins, 40 secs. Auto Shutoff: 3.59662e-05
51% complete. Max time remaining: 6 mins, 32 secs. Auto Shutoff: 3.59662e-05
52% complete. Max time remaining: 6 mins, 24 secs. Auto Shutoff: 3.09968e-05
53% complete. Max time remaining: 6 mins, 16 secs. Auto Shutoff: 1.78883e-05
54% complete. Max time remaining: 6 mins, 8 secs. Auto Shutoff: 1.01343e-05
100% complete. Max time remaining: 0 mins, 0 secs. Auto Shutoff: 8.39032e-06
Early termination of simulation, the autoshutoff criteria are satisfied.
Completed 4477 iterations, or 5.496923e-13s of Simulation Time
Process 0 starting to collect data
    collecting monitor data
    collecting source data
Finished collecting data
Simulation completed successfully at: Mon Aug 14 11:59:38 2017
Overall wall time measurements in seconds:
    time to mesh and initialize: 23
    time to run FDTD simulation: 440
    time to finalize data and save to files: 0
    FDTD solver speed: 297.096 Mnodes/s
    total FDTD solver speed on 1 processes: 297.096 Mnodes/s
