FDTD Solutions Version 8.18.1262 (Linux 64bit)
 expires (month/day/year): 3/29/2018
using config file: /home/iqo/.config/Lumerical/FDTD Solutions.ini
license host: <a href=http://lumlm.coral.washington.edu:8095>lumlm.coral.washington.edu:8095</a>
current time: Thu Aug 17 09:55:52 2017
Running on host: iqo.ee.washington.edu
All processes are communicating and ready to proceed to simulation...
Running fsp file: /opt/lumerical/fdtd/bin/fdtd-engine-mpich2nem -t 22 -remote /home/iqo/Documents/NOISE_data/Alan/celes_cyl/ms_gen/sphere_ms_f10_a5.fsp
number of processors is 1
processors are distributed as: 1x1x1
Running 3D Simulation
Starting meshing
Simulation size in gridpoints: 354 x 354 x 232
Refined 0 mesh cells (0%)
Completed meshing!
Meshing complete in 13.81 seconds of CPU time
Starting meshing
Simulation size in gridpoints: 354 x 354 x 232
Refined 0 mesh cells (0%)
Completed meshing!
Meshing complete in 14.38 seconds of CPU time
Starting meshing
Simulation size in gridpoints: 354 x 354 x 232
Refined 0 mesh cells (0%)
Completed meshing!
Meshing complete in 14.17 seconds of CPU time
0 0
0 0
0 0
finished material properties
Meshing Time: 0 seconds, Init Electrical Material Time: 0 seconds, Init Magnetic Material Time: 0
Using selected optimization level: 2
Selecting 3d kernel for splitFieldDirection=0 and optLevel=2
-----------------------------------------
Beginning initialization of 3D Simulation
Starting to add sources to simulation
Adding 3D Gaussian source propagating in Z
Starting to add boundary conditions to simulation
Adding 3D PML BC
Adding 3D PML BC
Adding 3D PML BC
Adding 3D PML BC
Adding 3D PML BC
Adding 3D PML BC
Starting to add monitors to Simulation
Adding analysis monitor
Adding 3D DFT monitor
Adding 3D DFT monitor
Adding 3D index monitor
Finished initialization of 3D Simulation
-----------------------------------------
All processes are communicating and ready to proceed to simulation...
Starting 8145 total iterations
0% complete. Max time remaining: 18 mins, 8 secs. Auto Shutoff: 1
1% complete. Max time remaining: 18 mins, 46 secs. Auto Shutoff: 1
2% complete. Max time remaining: 18 mins, 45 secs. Auto Shutoff: 1
3% complete. Max time remaining: 18 mins, 34 secs. Auto Shutoff: 1
4% complete. Max time remaining: 18 mins, 11 secs. Auto Shutoff: 1
5% complete. Max time remaining: 17 mins, 53 secs. Auto Shutoff: 1.00617
6% complete. Max time remaining: 17 mins, 37 secs. Auto Shutoff: 0.979504
7% complete. Max time remaining: 17 mins, 25 secs. Auto Shutoff: 0.942337
8% complete. Max time remaining: 17 mins, 17 secs. Auto Shutoff: 0.905894
9% complete. Max time remaining: 17 mins, 8 secs. Auto Shutoff: 0.905894
10% complete. Max time remaining: 16 mins, 54 secs. Auto Shutoff: 0.525947
11% complete. Max time remaining: 16 mins, 42 secs. Auto Shutoff: 0.131403
12% complete. Max time remaining: 16 mins, 28 secs. Auto Shutoff: 0.0813175
13% complete. Max time remaining: 16 mins, 15 secs. Auto Shutoff: 0.0723103
14% complete. Max time remaining: 16 mins, 1 secs. Auto Shutoff: 0.0661805
15% complete. Max time remaining: 15 mins, 50 secs. Auto Shutoff: 0.0661805
16% complete. Max time remaining: 15 mins, 38 secs. Auto Shutoff: 0.0637315
17% complete. Max time remaining: 15 mins, 24 secs. Auto Shutoff: 0.0621379
18% complete. Max time remaining: 15 mins, 12 secs. Auto Shutoff: 0.0593383
19% complete. Max time remaining: 14 mins, 60 secs. Auto Shutoff: 0.0553775
20% complete. Max time remaining: 14 mins, 48 secs. Auto Shutoff: 0.0553775
21% complete. Max time remaining: 14 mins, 36 secs. Auto Shutoff: 0.0267754
22% complete. Max time remaining: 14 mins, 24 secs. Auto Shutoff: 0.0114117
23% complete. Max time remaining: 14 mins, 12 secs. Auto Shutoff: 0.00941861
24% complete. Max time remaining: 14 mins, 0 secs. Auto Shutoff: 0.00803144
25% complete. Max time remaining: 13 mins, 49 secs. Auto Shutoff: 0.00803144
26% complete. Max time remaining: 13 mins, 38 secs. Auto Shutoff: 0.00691517
27% complete. Max time remaining: 13 mins, 27 secs. Auto Shutoff: 0.00536361
28% complete. Max time remaining: 13 mins, 15 secs. Auto Shutoff: 0.0042884
29% complete. Max time remaining: 13 mins, 3 secs. Auto Shutoff: 0.00374251
30% complete. Max time remaining: 12 mins, 53 secs. Auto Shutoff: 0.00374251
31% complete. Max time remaining: 12 mins, 42 secs. Auto Shutoff: 0.00277008
32% complete. Max time remaining: 12 mins, 31 secs. Auto Shutoff: 0.0010098
33% complete. Max time remaining: 12 mins, 20 secs. Auto Shutoff: 0.000553636
34% complete. Max time remaining: 12 mins, 7 secs. Auto Shutoff: 0.000499965
35% complete. Max time remaining: 11 mins, 56 secs. Auto Shutoff: 0.000499965
36% complete. Max time remaining: 11 mins, 44 secs. Auto Shutoff: 0.000439921
37% complete. Max time remaining: 11 mins, 33 secs. Auto Shutoff: 0.000389737
38% complete. Max time remaining: 11 mins, 22 secs. Auto Shutoff: 0.000328622
39% complete. Max time remaining: 11 mins, 10 secs. Auto Shutoff: 0.000288915
40% complete. Max time remaining: 10 mins, 59 secs. Auto Shutoff: 0.000288915
41% complete. Max time remaining: 10 mins, 48 secs. Auto Shutoff: 0.000273275
42% complete. Max time remaining: 10 mins, 38 secs. Auto Shutoff: 0.0001588
43% complete. Max time remaining: 10 mins, 27 secs. Auto Shutoff: 7.63837e-05
44% complete. Max time remaining: 10 mins, 16 secs. Auto Shutoff: 5.35791e-05
45% complete. Max time remaining: 10 mins, 4 secs. Auto Shutoff: 4.55891e-05
46% complete. Max time remaining: 9 mins, 53 secs. Auto Shutoff: 4.55891e-05
47% complete. Max time remaining: 9 mins, 43 secs. Auto Shutoff: 3.8095e-05
48% complete. Max time remaining: 9 mins, 32 secs. Auto Shutoff: 3.0795e-05
49% complete. Max time remaining: 9 mins, 21 secs. Auto Shutoff: 2.51445e-05
50% complete. Max time remaining: 9 mins, 10 secs. Auto Shutoff: 2.26049e-05
51% complete. Max time remaining: 8 mins, 59 secs. Auto Shutoff: 2.26049e-05
52% complete. Max time remaining: 8 mins, 48 secs. Auto Shutoff: 1.84549e-05
100% complete. Max time remaining: 0 mins, 0 secs. Auto Shutoff: 9.73128e-06
Early termination of simulation, the autoshutoff criteria are satisfied.
Completed 4275 iterations, or 5.248905e-13s of Simulation Time
Process 0 starting to collect data
    collecting monitor data
    collecting source data
Finished collecting data
Simulation completed successfully at: Thu Aug 17 10:05:50 2017
Overall wall time measurements in seconds:
    time to mesh and initialize: 19
    time to run FDTD simulation: 578
    time to finalize data and save to files: 1
    FDTD solver speed: 215.032 Mnodes/s
    total FDTD solver speed on 1 processes: 215.032 Mnodes/s
